<?xml version="1.0" encoding="UTF-8"?>
<!-- Generated by org.testng.reporters.JUnitReportReporter -->
<testsuite hostname="DESKTOP-H41JRIE" failures="0" tests="1" name="Authorization.OAuth_Authentication" time="3.942" errors="0" timestamp="2025-06-20T11:19:50 IST" skipped="0">
  <testcase classname="Authorization.OAuth_Authentication" name="oAuthTest" time="3.942"/>
  <system-out/>
</testsuite> <!-- Authorization.OAuth_Authentication -->
