<?xml version="1.0" encoding="UTF-8"?>
<!-- Generated by org.testng.reporters.JUnitReportReporter -->
<testsuite hostname="DESKTOP-H41JRIE" failures="0" tests="1" name="Assignments.Assignment3" time="3.894" errors="0" timestamp="2025-06-20T11:25:16 IST" skipped="0">
  <testcase classname="Assignments.Assignment3" name="oAuthTest" time="3.894"/>
  <system-out/>
</testsuite> <!-- Assignments.Assignment3 -->
