<?xml version="1.0" encoding="UTF-8"?>
<!-- Generated by org.testng.reporters.JUnitReportReporter -->
<testsuite hostname="DESKTOP-H41JRIE" failures="0" tests="2" name="Assignments.Assignment2" time="4.086" errors="0" timestamp="2025-06-16T12:57:09 IST" skipped="0">
  <testcase classname="Assignments.Assignment2" name="PostRequestUsingHashMap" time="3.276"/>
  <system-out/>
  <testcase classname="Assignments.Assignment2" name="PostRequestUsingPojo" time="0.810"/>
  <system-out/>
</testsuite> <!-- Assignments.Assignment2 -->
