<?xml version="1.0" encoding="UTF-8"?>
<!-- Generated by org.testng.reporters.JUnitReportReporter -->
<testsuite hostname="DESKTOP-H41JRIE" failures="0" tests="5" name="Assignments.Assignment1" time="9.956" errors="0" timestamp="2025-06-16T12:50:38 IST" skipped="0">
  <testcase classname="Assignments.Assignment1" name="getPetByStatus" time="3.985"/>
  <system-out/>
  <testcase classname="Assignments.Assignment1" name="addPetToStore" time="2.201"/>
  <system-out/>
  <testcase classname="Assignments.Assignment1" name="getWithGeneratedID" time="1.291"/>
  <system-out/>
  <testcase classname="Assignments.Assignment1" name="updatePetDetails" time="1.261"/>
  <system-out/>
  <testcase classname="Assignments.Assignment1" name="deleteExistingPetDetails" time="1.218"/>
  <system-out/>
</testsuite> <!-- Assignments.Assignment1 -->
